  basicParticleGenerator.cpp
  main.cpp
  ofApp.cpp
  Info: Boost.Config is older than your compiler version - probably nothing bad will happen - but you may wish to look for an update Boost version.  Define BOOST_CONFIG_SUPPRESS_OUTDATED_MESSAGE to suppress this message.
  Info: Boost.Config is older than your compiler version - probably nothing bad will happen - but you may wish to look for an update Boost version.  Define BOOST_CONFIG_SUPPRESS_OUTDATED_MESSAGE to suppress this message.
  Info: Boost.Config is older than your compiler version - probably nothing bad will happen - but you may wish to look for an update Boost version.  Define BOOST_CONFIG_SUPPRESS_OUTDATED_MESSAGE to suppress this message.
C:\Users\Steve\OpenFrameworks\of_v0.11.2_vs2017_release\libs\openFrameworks\math\ofMatrix4x4.h(326,1): warning C4267: 'argument': conversion from 'size_t' to 'int', possible loss of data (compiling source file src\main.cpp)
C:\Users\Steve\OpenFrameworks\of_v0.11.2_vs2017_release\libs\openFrameworks\math\ofMatrix4x4.h(331,1): warning C4267: 'argument': conversion from 'size_t' to 'int', possible loss of data (compiling source file src\main.cpp)
C:\Users\Steve\OpenFrameworks\of_v0.11.2_vs2017_release\libs\openFrameworks\math\ofMatrix4x4.h(912,12): warning C4267: 'argument': conversion from 'size_t' to 'int', possible loss of data (compiling source file src\main.cpp)
C:\Users\Steve\OpenFrameworks\of_v0.11.2_vs2017_release\libs\openFrameworks\math\ofMatrix4x4.h(913,12): warning C4267: 'argument': conversion from 'size_t' to 'int', possible loss of data (compiling source file src\main.cpp)
C:\Users\Steve\OpenFrameworks\of_v0.11.2_vs2017_release\libs\openFrameworks\math\ofMatrix4x4.h(914,12): warning C4267: 'argument': conversion from 'size_t' to 'int', possible loss of data (compiling source file src\main.cpp)
C:\Users\Steve\OpenFrameworks\of_v0.11.2_vs2017_release\libs\openFrameworks\math\ofMatrix4x4.h(915,12): warning C4267: 'argument': conversion from 'size_t' to 'int', possible loss of data (compiling source file src\main.cpp)
C:\Users\Steve\OpenFrameworks\of_v0.11.2_vs2017_release\libs\openFrameworks\math\ofMatrix4x4.h(326,1): warning C4267: 'argument': conversion from 'size_t' to 'int', possible loss of data (compiling source file src\basicParticleGenerator.cpp)
C:\Users\Steve\OpenFrameworks\of_v0.11.2_vs2017_release\libs\openFrameworks\math\ofMatrix4x4.h(331,1): warning C4267: 'argument': conversion from 'size_t' to 'int', possible loss of data (compiling source file src\basicParticleGenerator.cpp)
C:\Users\Steve\OpenFrameworks\of_v0.11.2_vs2017_release\libs\openFrameworks\math\ofMatrix4x4.h(912,12): warning C4267: 'argument': conversion from 'size_t' to 'int', possible loss of data (compiling source file src\basicParticleGenerator.cpp)
C:\Users\Steve\OpenFrameworks\of_v0.11.2_vs2017_release\libs\openFrameworks\math\ofMatrix4x4.h(913,12): warning C4267: 'argument': conversion from 'size_t' to 'int', possible loss of data (compiling source file src\basicParticleGenerator.cpp)
C:\Users\Steve\OpenFrameworks\of_v0.11.2_vs2017_release\libs\openFrameworks\math\ofMatrix4x4.h(914,12): warning C4267: 'argument': conversion from 'size_t' to 'int', possible loss of data (compiling source file src\basicParticleGenerator.cpp)
C:\Users\Steve\OpenFrameworks\of_v0.11.2_vs2017_release\libs\openFrameworks\math\ofMatrix4x4.h(915,12): warning C4267: 'argument': conversion from 'size_t' to 'int', possible loss of data (compiling source file src\basicParticleGenerator.cpp)
C:\Users\Steve\OpenFrameworks\of_v0.11.2_vs2017_release\libs\openFrameworks\math\ofMatrix4x4.h(326,1): warning C4267: 'argument': conversion from 'size_t' to 'int', possible loss of data (compiling source file src\ofApp.cpp)
C:\Users\Steve\OpenFrameworks\of_v0.11.2_vs2017_release\libs\openFrameworks\math\ofMatrix4x4.h(331,1): warning C4267: 'argument': conversion from 'size_t' to 'int', possible loss of data (compiling source file src\ofApp.cpp)
C:\Users\Steve\OpenFrameworks\of_v0.11.2_vs2017_release\libs\openFrameworks\math\ofMatrix4x4.h(912,12): warning C4267: 'argument': conversion from 'size_t' to 'int', possible loss of data (compiling source file src\ofApp.cpp)
C:\Users\Steve\OpenFrameworks\of_v0.11.2_vs2017_release\libs\openFrameworks\math\ofMatrix4x4.h(913,12): warning C4267: 'argument': conversion from 'size_t' to 'int', possible loss of data (compiling source file src\ofApp.cpp)
C:\Users\Steve\OpenFrameworks\of_v0.11.2_vs2017_release\libs\openFrameworks\math\ofMatrix4x4.h(914,12): warning C4267: 'argument': conversion from 'size_t' to 'int', possible loss of data (compiling source file src\ofApp.cpp)
C:\Users\Steve\OpenFrameworks\of_v0.11.2_vs2017_release\libs\openFrameworks\math\ofMatrix4x4.h(915,12): warning C4267: 'argument': conversion from 'size_t' to 'int', possible loss of data (compiling source file src\ofApp.cpp)
C:\Program Files (x86)\Microsoft Visual Studio\2019\Community\VC\Tools\MSVC\14.29.30133\include\xmemory(714,47): error C2512: 'BasicParticle::BasicParticle': no appropriate default constructor available (compiling source file src\main.cpp)
C:\Program Files (x86)\Microsoft Visual Studio\2019\Community\VC\Tools\MSVC\14.29.30133\include\vector(726): message : see reference to function template instantiation 'void std::_Default_allocator_traits<_Alloc>::construct<_Ty,>(_Alloc &,_Objty *const )' being compiled
          with
          [
              _Alloc=std::allocator<BasicParticle>,
              _Ty=BasicParticle,
              _Objty=BasicParticle
          ] (compiling source file src\main.cpp)
C:\Program Files (x86)\Microsoft Visual Studio\2019\Community\VC\Tools\MSVC\14.29.30133\include\vector(726): message : see reference to function template instantiation 'void std::_Default_allocator_traits<_Alloc>::construct<_Ty,>(_Alloc &,_Objty *const )' being compiled
          with
          [
              _Alloc=std::allocator<BasicParticle>,
              _Ty=BasicParticle,
              _Objty=BasicParticle
          ] (compiling source file src\main.cpp)
C:\Program Files (x86)\Microsoft Visual Studio\2019\Community\VC\Tools\MSVC\14.29.30133\include\vector(744): message : see reference to function template instantiation 'void std::vector<ParticleType,std::allocator<ParticleType>>::_Emplace_back_with_unused_capacity<>(void)' being compiled
          with
          [
              ParticleType=BasicParticle
          ] (compiling source file src\main.cpp)
C:\Users\Steve\OpenFrameworks\CPP_Project\Graphics\src\ParticleSystem.h(25): message : see reference to function template instantiation 'void std::vector<ParticleType,std::allocator<ParticleType>>::emplace_back<>(void)' being compiled
          with
          [
              ParticleType=BasicParticle
          ] (compiling source file src\main.cpp)
C:\Users\Steve\OpenFrameworks\CPP_Project\Graphics\src\ParticleSystem.h(17): message : while compiling class template member function 'ParticleSystem<BasicParticle>::ParticleSystem(ParticleGenerator<BasicParticle> &,unsigned int,float)' (compiling source file src\main.cpp)
C:\Users\Steve\OpenFrameworks\CPP_Project\Graphics\src\ofApp.h(46): message : see reference to function template instantiation 'ParticleSystem<BasicParticle>::ParticleSystem(ParticleGenerator<BasicParticle> &,unsigned int,float)' being compiled (compiling source file src\main.cpp)
C:\Users\Steve\OpenFrameworks\CPP_Project\Graphics\src\ofApp.h(46): message : see reference to class template instantiation 'ParticleSystem<BasicParticle>' being compiled (compiling source file src\main.cpp)
